# Run command: /usr/local/bin/cmake --build . --config "Debug" --target "preinstall"
# Directory: /home/pirate/test_project_repo/buildbot_raspberry
# Output:
[  0%] Swig source
Language subdirectory: lua
Search paths:
   ./
   /usr/include/
   /home/pirate/test_project_repo/buildbot_raspberry/njligames-njlic_engine/swig.in/script/njlic/builders/
   /home/pirate/test_project_repo/buildbot_raspberry/njligames-njlic_engine/swig.in/script/njlic/builders/graphics/
   /home/pirate/test_project_repo/buildbot_raspberry/njligames-njlic_engine/swig.in/script/njlic/builders/physics/
   /home/pirate/test_project_repo/buildbot_raspberry/njligames-njlic_engine/swig.in/script/njlic/builders/physics/body/
   /home/pirate/test_project_repo/buildbot_raspberry/njligames-njlic_engine/swig.in/script/njlic/builders/physics/constraint/
   /home/pirate/test_project_repo/buildbot_raspberry/njligames-njlic_engine/swig.in/script/njlic/builders/physics/shape/
   /home/pirate/test_project_repo/buildbot_raspberry/njligames-njlic_engine/swig.in/script/njlic/builders/sound/
   /home/pirate/test_project_repo/buildbot_raspberry/njligames-njlic_engine/swig.in/script/njlic/builders/steering/
   /home/pirate/test_project_repo/buildbot_raspberry/njligames-njlic_engine/swig.in/script/njlic/builders/steering/behavior/
   /home/pirate/test_project_repo/buildbot_raspberry/njligames-njlic_engine/swig.in/script/njlic/graphics/
   /home/pirate/test_project_repo/buildbot_raspberry/njligames-njlic_engine/swig.in/script/njlic/include/
   /home/pirate/test_project_repo/buildbot_raspberry/njligames-njlic_engine/swig.in/script/njlic/physics/
   /home/pirate/test_project_repo/buildbot_raspberry/njligames-njlic_engine/swig.in/script/njlic/physics/body/
   /home/pirate/test_project_repo/buildbot_raspberry/njligames-njlic_engine/swig.in/script/njlic/physics/constraint/
   /home/pirate/test_project_repo/buildbot_raspberry/njligames-njlic_engine/swig.in/script/njlic/physics/shape/
   /home/pirate/test_project_repo/buildbot_raspberry/njligames-njlic_engine/swig.in/script/njlic/platform/
   /home/pirate/test_project_repo/buildbot_raspberry/njligames-njlic_engine/swig.in/script/njlic/sound/
   /home/pirate/test_project_repo/buildbot_raspberry/njligames-njlic_engine/swig.in/script/njlic/steering/
   /home/pirate/test_project_repo/buildbot_raspberry/njligames-njlic_engine/swig.in/script/njlic/steering/behavior/
   /home/pirate/test_project_repo/buildbot_raspberry/njligames-njlic_engine/bullet3/
   /home/pirate/test_project_repo/buildbot_raspberry/njligames-njlic_engine/cmake/
   /home/pirate/test_project_repo/buildbot_raspberry/njligames-njlic_engine/lua/
   /home/pirate/test_project_repo/buildbot_raspberry/njligames-njlic_engine/lua/cmake/
   /home/pirate/test_project_repo/buildbot_raspberry/njligames-njlic_engine/lua/doc/
   /home/pirate/test_project_repo/buildbot_raspberry/njligames-njlic_engine/lua/etc/
   /home/pirate/test_project_repo/buildbot_raspberry/njligames-njlic_engine/lua/exts/
   /home/pirate/test_project_repo/buildbot_raspberry/njligames-njlic_engine/lua/exts/luasocket/
   /home/pirate/test_project_repo/buildbot_raspberry/njligames-njlic_engine/lua/src/
   /home/pirate/test_project_repo/buildbot_raspberry/njligames-njlic_engine/njli/
   /home/pirate/test_project_repo/buildbot_raspberry/njligames-njlic_engine/njli/builders/
   /home/pirate/test_project_repo/buildbot_raspberry/njligames-njlic_engine/njli/builders/graphics/
   /home/pirate/test_project_repo/buildbot_raspberry/njligames-njlic_engine/njli/builders/physics/
   /home/pirate/test_project_repo/buildbot_raspberry/njligames-njlic_engine/njli/builders/physics/body/
   /home/pirate/test_project_repo/buildbot_raspberry/njligames-njlic_engine/njli/builders/physics/constraint/
   /home/pirate/test_project_repo/buildbot_raspberry/njligames-njlic_engine/njli/builders/physics/shape/
   /home/pirate/test_project_repo/buildbot_raspberry/njligames-njlic_engine/njli/builders/sound/
   /home/pirate/test_project_repo/buildbot_raspberry/njligames-njlic_engine/njli/builders/steering/
   /home/pirate/test_project_repo/buildbot_raspberry/njligames-njlic_engine/njli/builders/steering/behavior/
   /home/pirate/test_project_repo/buildbot_raspberry/njligames-njlic_engine/njli/generated/
   /home/pirate/test_project_repo/buildbot_raspberry/njligames-njlic_engine/njli/generated/swig/
   /home/pirate/test_project_repo/buildbot_raspberry/njligames-njlic_engine/njli/generated/swig/lua/
   /home/pirate/test_project_repo/buildbot_raspberry/njligames-njlic_engine/njli/graphics/
   /home/pirate/test_project_repo/buildbot_raspberry/njligames-njlic_engine/njli/graphics/opengl_2/
   /home/pirate/test_project_repo/buildbot_raspberry/njligames-njlic_engine/njli/graphics/opengl_3/
   /home/pirate/test_project_repo/buildbot_raspberry/njligames-njlic_engine/njli/graphics/opengl_es_2/
   /home/pirate/test_project_repo/buildbot_raspberry/njligames-njlic_engine/njli/graphics/opengl_es_3/
   /home/pirate/test_project_repo/buildbot_raspberry/njligames-njlic_engine/njli/modules/
   /home/pirate/test_project_repo/buildbot_raspberry/njligames-njlic_engine/njli/modules/lua/
   /home/pirate/test_project_repo/buildbot_raspberry/njligames-njlic_engine/njli/physics/
   /home/pirate/test_project_repo/buildbot_raspberry/njligames-njlic_engine/njli/physics/body/
   /home/pirate/test_project_repo/buildbot_raspberry/njligames-njlic_engine/njli/physics/constraint/
   /home/pirate/test_project_repo/buildbot_raspberry/njligames-njlic_engine/njli/physics/shape/
   /home/pirate/test_project_repo/buildbot_raspberry/njligames-njlic_engine/njli/platform/
   /home/pirate/test_project_repo/buildbot_raspberry/njligames-njlic_engine/njli/platform/cmake.in/
   /home/pirate/test_project_repo/buildbot_raspberry/njligames-njlic_engine/njli/platform/cmake.in/DoxyFiles.in/
   /home/pirate/test_project_repo/buildbot_raspberry/njligames-njlic_engine/njli/platform/cmake.in/DoxyFiles.in/html/
   /home/pirate/test_project_repo/buildbot_raspberry/njligames-njlic_engine/njli/platform/cmake.in/DoxyFiles.in/html_default/
   /home/pirate/test_project_repo/buildbot_raspberry/njligames-njlic_engine/njli/platform/cmake.in/DoxyFiles.in/images/
   /home/pirate/test_project_repo/buildbot_raspberry/njligames-njlic_engine/njli/platform/cmake.in/Platform.in/
   /home/pirate/test_project_repo/buildbot_raspberry/njligames-njlic_engine/njli/platform/cmake.in/Platform.in/ios/
   /home/pirate/test_project_repo/buildbot_raspberry/njligames-njlic_engine/njli/platform/cmake.in/Tests.in/
   /home/pirate/test_project_repo/buildbot_raspberry/njligames-njlic_engine/njli/platform/cmake.in/Tests.in/lua/
   /home/pirate/test_project_repo/buildbot_raspberry/njligames-njlic_engine/njli/platform/cmake.in/ldoc.in/
   /home/pirate/test_project_repo/buildbot_raspberry/njligames-njlic_engine/njli/platform/linux/
   /home/pirate/test_project_repo/buildbot_raspberry/njligames-njlic_engine/njli/sound/
   /home/pirate/test_project_repo/buildbot_raspberry/njligames-njlic_engine/njli/sound/fmod/
   /home/pirate/test_project_repo/buildbot_raspberry/njligames-njlic_engine/njli/sound/openal/
   /home/pirate/test_project_repo/buildbot_raspberry/njligames-njlic_engine/njli/sound/sdl/
   /home/pirate/test_project_repo/buildbot_raspberry/njligames-njlic_engine/njli/steering/
   /home/pirate/test_project_repo/buildbot_raspberry/njligames-njlic_engine/njli/steering/behavior/
   /home/pirate/test_project_repo/buildbot_raspberry/njligames-njlic_engine/sdl2_test/
   /home/pirate/test_project_repo/buildbot_raspberry/njligames-njlic_engine/swig/
   /home/pirate/test_project_repo/buildbot_raspberry/njligames-njlic_engine/swig/lua/
   /home/pirate/test_project_repo/buildbot_raspberry/njligames-njlic_engine/swig/lua/Android/
   /home/pirate/test_project_repo/buildbot_raspberry/njligames-njlic_engine/swig/lua/Darwin/
   /home/pirate/test_project_repo/buildbot_raspberry/njligames-njlic_engine/swig/lua/Emscripten/
   /home/pirate/test_project_repo/buildbot_raspberry/njligames-njlic_engine/swig/lua/Linux/
   /home/pirate/test_project_repo/buildbot_raspberry/njligames-njlic_engine/swig/lua/Windows/
   /home/pirate/test_project_repo/buildbot_raspberry/njligames-njlic_engine/swig.in/
   /home/pirate/test_project_repo/buildbot_raspberry/njligames-njlic_engine/swig.in/script/
   /home/pirate/test_project_repo/buildbot_raspberry/njligames-njlic_engine/swig.in/script/njlic/
   /home/pirate/test_project_repo/buildbot_raspberry/njligames-njlic_engine/swig.in/script/thirdparty/
   /home/pirate/test_project_repo/buildbot_raspberry/njligames-njlic_engine/swig.in/script/thirdparty/bullet3/
   /home/pirate/test_project_repo/buildbot_raspberry/njligames-njlic_engine/swig.in/script/thirdparty/bullet3/BulletCollision/
   /home/pirate/test_project_repo/buildbot_raspberry/njligames-njlic_engine/swig.in/script/thirdparty/bullet3/BulletCollision/BroadphaseCollision/
   /home/pirate/test_project_repo/buildbot_raspberry/njligames-njlic_engine/swig.in/script/thirdparty/bullet3/BulletCollision/CollisionDispatch/
   /home/pirate/test_project_repo/buildbot_raspberry/njligames-njlic_engine/swig.in/script/thirdparty/bullet3/BulletCollision/CollisionShapes/
   /home/pirate/test_project_repo/buildbot_raspberry/njligames-njlic_engine/swig.in/script/thirdparty/bullet3/BulletCollision/Gimpact/
   /home/pirate/test_project_repo/buildbot_raspberry/njligames-njlic_engine/swig.in/script/thirdparty/bullet3/BulletCollision/NarrowPhaseCollision/
   /home/pirate/test_project_repo/buildbot_raspberry/njligames-njlic_engine/swig.in/script/thirdparty/bullet3/BulletDynamics/
   /home/pirate/test_project_repo/buildbot_raspberry/njligames-njlic_engine/swig.in/script/thirdparty/bullet3/BulletDynamics/Character/
   /home/pirate/test_project_repo/buildbot_raspberry/njligames-njlic_engine/swig.in/script/thirdparty/bullet3/BulletDynamics/ConstraintSolver/
   /home/pirate/test_project_repo/buildbot_raspberry/njligames-njlic_engine/swig.in/script/thirdparty/bullet3/BulletDynamics/Dynamics/
   /home/pirate/test_project_repo/buildbot_raspberry/njligames-njlic_engine/swig.in/script/thirdparty/bullet3/BulletDynamics/Featherstone/
   /home/pirate/test_project_repo/buildbot_raspberry/njligames-njlic_engine/swig.in/script/thirdparty/bullet3/BulletDynamics/MLCPSolvers/
   /home/pirate/test_project_repo/buildbot_raspberry/njligames-njlic_engine/swig.in/script/thirdparty/bullet3/BulletDynamics/Vehicle/
   /home/pirate/test_project_repo/buildbot_raspberry/njligames-njlic_engine/swig.in/script/thirdparty/bullet3/BulletSoftBody/
   /home/pirate/test_project_repo/buildbot_raspberry/njligames-njlic_engine/swig.in/script/thirdparty/bullet3/LinearMath/
   /home/pirate/test_project_repo/buildbot_raspberry/njligames-njlic_engine/swig.in/script/thirdparty/bullet3/MiniCL/
   /home/pirate/test_project_repo/buildbot_raspberry/njligames-njlic_engine/swig.in/script/thirdparty/bullet3/MiniCL/MiniCLTask/
   /home/pirate/test_project_repo/buildbot_raspberry/njligames-njlic_engine/swig.in/script/thirdparty/bullet3/vectormath/
   /home/pirate/test_project_repo/buildbot_raspberry/njligames-njlic_engine/swig.in/script/thirdparty/bullet3/vectormath/neon/
   /home/pirate/test_project_repo/buildbot_raspberry/njligames-njlic_engine/swig.in/script/thirdparty/bullet3/vectormath/scalar/
   /home/pirate/test_project_repo/buildbot_raspberry/njligames-njlic_engine/swig.in/script/thirdparty/bullet3/vectormath/sse/
   /home/pirate/test_project_repo/buildbot_raspberry/njligames-njlic_engine/swig.in/script/thirdparty/opengl_2/
   /home/pirate/test_project_repo/buildbot_raspberry/njligames-njlic_engine/swig.in/script/thirdparty/opengl_3/
   /home/pirate/test_project_repo/buildbot_raspberry/njligames-njlic_engine/swig.in/script/thirdparty/opengl_es_2/
   /home/pirate/test_project_repo/buildbot_raspberry/njligames-njlic_engine/swig.in/script/thirdparty/opengl_es_3/
   /home/pirate/test_project_repo/buildbot_raspberry/thirdparty/bullet3/lib/linux/include/bullet3/
   /home/pirate/test_project_repo/buildbot_raspberry/thirdparty/bullet3/lib/linux/include/bullet3/Bullet2FileLoader/
   /home/pirate/test_project_repo/buildbot_raspberry/thirdparty/bullet3/lib/linux/include/bullet3/Bullet2FileLoader/autogenerated/
   /home/pirate/test_project_repo/buildbot_raspberry/thirdparty/bullet3/lib/linux/include/bullet3/Bullet3Collision/
   /home/pirate/test_project_repo/buildbot_raspberry/thirdparty/bullet3/lib/linux/include/bullet3/Bullet3Collision/BroadPhaseCollision/
   /home/pirate/test_project_repo/buildbot_raspberry/thirdparty/bullet3/lib/linux/include/bullet3/Bullet3Collision/BroadPhaseCollision/shared/
   /home/pirate/test_project_repo/buildbot_raspberry/thirdparty/bullet3/lib/linux/include/bullet3/Bullet3Collision/NarrowPhaseCollision/
   /home/pirate/test_project_repo/buildbot_raspberry/thirdparty/bullet3/lib/linux/include/bullet3/Bullet3Collision/NarrowPhaseCollision/shared/
   /home/pirate/test_project_repo/buildbot_raspberry/thirdparty/bullet3/lib/linux/include/bullet3/Bullet3Common/
   /home/pirate/test_project_repo/buildbot_raspberry/thirdparty/bullet3/lib/linux/include/bullet3/Bullet3Common/shared/
   /home/pirate/test_project_repo/buildbot_raspberry/thirdparty/bullet3/lib/linux/include/bullet3/Bullet3Dynamics/
   /home/pirate/test_project_repo/buildbot_raspberry/thirdparty/bullet3/lib/linux/include/bullet3/Bullet3Dynamics/ConstraintSolver/
   /home/pirate/test_project_repo/buildbot_raspberry/thirdparty/bullet3/lib/linux/include/bullet3/Bullet3Dynamics/shared/
   /home/pirate/test_project_repo/buildbot_raspberry/thirdparty/bullet3/lib/linux/include/bullet3/Bullet3Geometry/
   /home/pirate/test_project_repo/buildbot_raspberry/thirdparty/bullet3/lib/linux/include/bullet3/Bullet3OpenCL/
   /home/pirate/test_project_repo/buildbot_raspberry/thirdparty/bullet3/lib/linux/include/bullet3/Bullet3OpenCL/BroadphaseCollision/
   /home/pirate/test_project_repo/buildbot_raspberry/thirdparty/bullet3/lib/linux/include/bullet3/Bullet3OpenCL/BroadphaseCollision/kernels/
   /home/pirate/test_project_repo/buildbot_raspberry/thirdparty/bullet3/lib/linux/include/bullet3/Bullet3OpenCL/Initialize/
   /home/pirate/test_project_repo/buildbot_raspberry/thirdparty/bullet3/lib/linux/include/bullet3/Bullet3OpenCL/NarrowphaseCollision/
   /home/pirate/test_project_repo/buildbot_raspberry/thirdparty/bullet3/lib/linux/include/bullet3/Bullet3OpenCL/NarrowphaseCollision/kernels/
   /home/pirate/test_project_repo/buildbot_raspberry/thirdparty/bullet3/lib/linux/include/bullet3/Bullet3OpenCL/ParallelPrimitives/
   /home/pirate/test_project_repo/buildbot_raspberry/thirdparty/bullet3/lib/linux/include/bullet3/Bullet3OpenCL/ParallelPrimitives/kernels/
   /home/pirate/test_project_repo/buildbot_raspberry/thirdparty/bullet3/lib/linux/include/bullet3/Bullet3OpenCL/Raycast/
   /home/pirate/test_project_repo/buildbot_raspberry/thirdparty/bullet3/lib/linux/include/bullet3/Bullet3OpenCL/Raycast/kernels/
   /home/pirate/test_project_repo/buildbot_raspberry/thirdparty/bullet3/lib/linux/include/bullet3/Bullet3OpenCL/RigidBody/
   /home/pirate/test_project_repo/buildbot_raspberry/thirdparty/bullet3/lib/linux/include/bullet3/Bullet3OpenCL/RigidBody/kernels/
   /home/pirate/test_project_repo/buildbot_raspberry/thirdparty/bullet3/lib/linux/include/bullet3/BulletCollision/
   /home/pirate/test_project_repo/buildbot_raspberry/thirdparty/bullet3/lib/linux/include/bullet3/BulletCollision/BroadphaseCollision/
   /home/pirate/test_project_repo/buildbot_raspberry/thirdparty/bullet3/lib/linux/include/bullet3/BulletCollision/CollisionDispatch/
   /home/pirate/test_project_repo/buildbot_raspberry/thirdparty/bullet3/lib/linux/include/bullet3/BulletCollision/CollisionShapes/
   /home/pirate/test_project_repo/buildbot_raspberry/thirdparty/bullet3/lib/linux/include/bullet3/BulletCollision/Gimpact/
   /home/pirate/test_project_repo/buildbot_raspberry/thirdparty/bullet3/lib/linux/include/bullet3/BulletCollision/NarrowPhaseCollision/
   /home/pirate/test_project_repo/buildbot_raspberry/thirdparty/bullet3/lib/linux/include/bullet3/BulletDynamics/
   /home/pirate/test_project_repo/buildbot_raspberry/thirdparty/bullet3/lib/linux/include/bullet3/BulletDynamics/Character/
   /home/pirate/test_project_repo/buildbot_raspberry/thirdparty/bullet3/lib/linux/include/bullet3/BulletDynamics/ConstraintSolver/
   /home/pirate/test_project_repo/buildbot_raspberry/thirdparty/bullet3/lib/linux/include/bullet3/BulletDynamics/Dynamics/
   /home/pirate/test_project_repo/buildbot_raspberry/thirdparty/bullet3/lib/linux/include/bullet3/BulletDynamics/Featherstone/
   /h/usr/include/limits.h:103: Error: Macro 'LLONG_MAX' redefined,
/home/pirate/test_project_repo/buildbot_raspberry/njligames-njlic_engine/swig.in/script/njlic/njlic.i:5: Error: previous definition of 'LLONG_MAX'.
ome/pirate/test_project_repo/buildbot_raspberry/thirdparty/bullet3/lib/linux/include/bullet3/BulletDynamics/MLCPSolvers/
   /home/pirate/test_project_repo/buildbot_raspberry/thirdparty/bullet3/lib/linux/include/bullet3/BulletDynamics/Vehicle/
   /home/pirate/test_project_repo/buildbot_raspberry/thirdparty/bullet3/lib/linux/include/bullet3/BulletFileLoader/
   /home/pirate/test_project_repo/buildbot_raspberry/thirdparty/bullet3/lib/linux/include/bullet3/BulletFileLoader/autogenerated/
   /home/pirate/test_project_repo/buildbot_raspberry/thirdparty/bullet3/lib/linux/include/bullet3/BulletInverseDynamics/
   /home/pirate/test_project_repo/buildbot_raspberry/thirdparty/bullet3/lib/linux/include/bullet3/BulletInverseDynamics/details/
   /home/pirate/test_project_repo/buildbot_raspberry/thirdparty/bullet3/lib/linux/include/bullet3/BulletSoftBody/
   /home/pirate/test_project_repo/buildbot_raspberry/thirdparty/bullet3/lib/linux/include/bullet3/BulletWorldImporter/
   /home/pirate/test_project_repo/buildbot_raspberry/thirdparty/bullet3/lib/linux/include/bullet3/BulletXmlWorldImporter/
   /home/pirate/test_project_repo/buildbot_raspberry/thirdparty/bullet3/lib/linux/include/bullet3/ConvexDecomposition/
   /home/pirate/test_project_repo/buildbot_raspberry/thirdparty/bullet3/lib/linux/include/bullet3/GIMPACTUtils/
   /home/pirate/test_project_repo/buildbot_raspberry/thirdparty/bullet3/lib/linux/include/bullet3/HACD/
   /home/pirate/test_project_repo/buildbot_raspberry/thirdparty/bullet3/lib/linux/include/bullet3/InverseDynamics/
   /home/pirate/test_project_repo/buildbot_raspberry/thirdparty/bullet3/lib/linux/include/bullet3/LinearMath/
   /home/pirate/test_project_repo/buildbot_raspberry/thirdparty/bullet3/lib/linux/include/
   ./swig_lib/lua/
   /usr/share/swig3.0/lua/
   ./swig_lib/
   /usr/share/swig3.0/
Preprocessing...
CMakeFiles/gen_NJLIC-lua-swig-njlic-static_njlicLUA_wrap.dir/build.make:61: recipe for target 'njligames-njlic_engine/swig/lua/Linux/njlicLUA_wrap.stamp' failed
make[2]: *** [njligames-njlic_engine/swig/lua/Linux/njlicLUA_wrap.stamp] Error 1
make[2]: *** Deleting file 'njligames-njlic_engine/swig/lua/Linux/njlicLUA_wrap.stamp'
CMakeFiles/Makefile2:137: recipe for target 'CMakeFiles/gen_NJLIC-lua-swig-njlic-static_njlicLUA_wrap.dir/all' failed
make[1]: *** [CMakeFiles/gen_NJLIC-lua-swig-njlic-static_njlicLUA_wrap.dir/all] Error 2
Makefile:151: recipe for target 'all' failed
make: *** [all] Error 2

